[baseline-browser-mapping] The data in this module is over two months old.  To ensure accurate Baseline data, please update: `npm i baseline-browser-mapping@latest -D`
[2m10:58:58 AM[22m [31m[1m[vite][22m[39m [31mInternal server error: D:\New Gene App\src\screens\upload\UploadScreen.tsx: Adjacent JSX elements must be wrapped in an enclosing tag. Did you want a JSX fragment <>...</>? (386:16)

[0m [90m 384 |[31m                 [33m<[31m[33mp[31m style[33m=[31m{styles[33m.[31mintegrationIntro}[33m>[31m[33mBring[31m [36min[31m workout[33m,[31m movement[33m,[31m and nutrition data [36mfrom[31m your apps[33m.[31m[33m<[31m[33m/[31m[33mp[31m[33m>[31m
 [90m 385 |[31m               [33m<[31m[33m/[31m[33mdiv[31m[33m>[31m
[31m[1m>[22m[31m[90m 386 |[31m                 [33m<[31m[33mdiv[31m style[33m=[31m{styles[33m.[31mintegrationList}[33m>[31m
 [90m     |[31m                 [31m[1m^[22m[31m
 [90m 387 |[31m                   {fitnessApps[33m.[31mmap((integration) [33m=>[31m {
 [90m 388 |[31m                     [36mconst[31m isConnected [33m=[31m connectedIntegrations[33m.[31mincludes(integration[33m.[31mid)[33m;[31m
 [90m 389 |[31m                     [36mreturn[31m ([0m[39m
  Plugin: [35mvite:react-babel[39m
  File: [36mD:/New Gene App/src/screens/upload/UploadScreen.tsx[39m:386:16
[33m  388|                      const isConnected = connectedIntegrations.includes(integration.id);
  389|                      return (
  390|                        <div key={integration.id} style={styles.integrationRow}>
     |                                                  ^
  391|                          <div style={styles.integrationCopy}>
  392|                            <span style={styles.integrationName}>{integration.name}</span>[39m
      at constructor (D:\New Gene App\node_modules\@babel\parser\lib\index.js:367:19)
      at TypeScriptParserMixin.raise (D:\New Gene App\node_modules\@babel\parser\lib\index.js:6630:19)
      at TypeScriptParserMixin.jsxParseElementAt (D:\New Gene App\node_modules\@babel\parser\lib\index.js:4775:18)
      at TypeScriptParserMixin.jsxParseElement (D:\New Gene App\node_modules\@babel\parser\lib\index.js:4782:17)
      at TypeScriptParserMixin.parseExprAtom (D:\New Gene App\node_modules\@babel\parser\lib\index.js:4792:19)
      at TypeScriptParserMixin.parseExprSubscripts (D:\New Gene App\node_modules\@babel\parser\lib\index.js:11085:23)
      at TypeScriptParserMixin.parseUpdate (D:\New Gene App\node_modules\@babel\parser\lib\index.js:11070:21)
      at TypeScriptParserMixin.parseMaybeUnary (D:\New Gene App\node_modules\@babel\parser\lib\index.js:11050:23)
      at TypeScriptParserMixin.parseMaybeUnary (D:\New Gene App\node_modules\@babel\parser\lib\index.js:9857:18)
      at TypeScriptParserMixin.parseMaybeUnaryOrPrivate (D:\New Gene App\node_modules\@babel\parser\lib\index.js:10903:61)
      at TypeScriptParserMixin.parseExprOps (D:\New Gene App\node_modules\@babel\parser\lib\index.js:10908:23)
      at TypeScriptParserMixin.parseMaybeConditional (D:\New Gene App\node_modules\@babel\parser\lib\index.js:10885:23)
      at TypeScriptParserMixin.parseMaybeAssign (D:\New Gene App\node_modules\@babel\parser\lib\index.js:10835:21)
      at D:\New Gene App\node_modules\@babel\parser\lib\index.js:9795:39
      at TypeScriptParserMixin.tryParse (D:\New Gene App\node_modules\@babel\parser\lib\index.js:6938:20)
      at TypeScriptParserMixin.parseMaybeAssign (D:\New Gene App\node_modules\@babel\parser\lib\index.js:9795:18)
      at D:\New Gene App\node_modules\@babel\parser\lib\index.js:10804:39
      at TypeScriptParserMixin.allowInAnd (D:\New Gene App\node_modules\@babel\parser\lib\index.js:12436:12)
      at TypeScriptParserMixin.parseMaybeAssignAllowIn (D:\New Gene App\node_modules\@babel\parser\lib\index.js:10804:17)
      at TypeScriptParserMixin.parseMaybeAssignAllowInOrVoidPattern (D:\New Gene App\node_modules\@babel\parser\lib\index.js:12503:17)
      at TypeScriptParserMixin.parseParenAndDistinguishExpression (D:\New Gene App\node_modules\@babel\parser\lib\index.js:11683:28)
      at TypeScriptParserMixin.parseExprAtom (D:\New Gene App\node_modules\@babel\parser\lib\index.js:11335:23)
      at TypeScriptParserMixin.parseExprAtom (D:\New Gene App\node_modules\@babel\parser\lib\index.js:4797:20)
      at TypeScriptParserMixin.parseExprSubscripts (D:\New Gene App\node_modules\@babel\parser\lib\index.js:11085:23)
      at TypeScriptParserMixin.parseUpdate (D:\New Gene App\node_modules\@babel\parser\lib\index.js:11070:21)
      at TypeScriptParserMixin.parseMaybeUnary (D:\New Gene App\node_modules\@babel\parser\lib\index.js:11050:23)
      at TypeScriptParserMixin.parseMaybeUnary (D:\New Gene App\node_modules\@babel\parser\lib\index.js:9857:18)
      at TypeScriptParserMixin.parseMaybeUnaryOrPrivate (D:\New Gene App\node_modules\@babel\parser\lib\index.js:10903:61)
      at TypeScriptParserMixin.parseExprOps (D:\New Gene App\node_modules\@babel\parser\lib\index.js:10908:23)
      at TypeScriptParserMixin.parseMaybeConditional (D:\New Gene App\node_modules\@babel\parser\lib\index.js:10885:23)
      at TypeScriptParserMixin.parseMaybeAssign (D:\New Gene App\node_modules\@babel\parser\lib\index.js:10835:21)
      at TypeScriptParserMixin.parseMaybeAssign (D:\New Gene App\node_modules\@babel\parser\lib\index.js:9806:20)
      at TypeScriptParserMixin.parseConditional (D:\New Gene App\node_modules\@babel\parser\lib\index.js:10897:29)
      at TypeScriptParserMixin.parseConditional (D:\New Gene App\node_modules\@babel\parser\lib\index.js:9631:18)
      at TypeScriptParserMixin.parseMaybeConditional (D:\New Gene App\node_modules\@babel\parser\lib\index.js:10889:17)
      at TypeScriptParserMixin.parseMaybeAssign (D:\New Gene App\node_modules\@babel\parser\lib\index.js:10835:21)
      at TypeScriptParserMixin.parseMaybeAssign (D:\New Gene App\node_modules\@babel\parser\lib\index.js:9806:20)
      at TypeScriptParserMixin.parseExpressionBase (D:\New Gene App\node_modules\@babel\parser\lib\index.js:10788:23)
      at D:\New Gene App\node_modules\@babel\parser\lib\index.js:10784:39
      at TypeScriptParserMixin.allowInAnd (D:\New Gene App\node_modules\@babel\parser\lib\index.js:12436:12)
      at TypeScriptParserMixin.parseExpression (D:\New Gene App\node_modules\@babel\parser\lib\index.js:10784:17)
      at TypeScriptParserMixin.jsxParseExpressionContainer (D:\New Gene App\node_modules\@babel\parser\lib\index.js:4665:31)
      at TypeScriptParserMixin.jsxParseElementAt (D:\New Gene App\node_modules\@babel\parser\lib\index.js:4744:36)
      at TypeScriptParserMixin.jsxParseElementAt (D:\New Gene App\node_modules\@babel\parser\lib\index.js:4731:32)
      at TypeScriptParserMixin.jsxParseElement (D:\New Gene App\node_modules\@babel\parser\lib\index.js:4782:17)
      at TypeScriptParserMixin.parseExprAtom (D:\New Gene App\node_modules\@babel\parser\lib\index.js:4792:19)
      at TypeScriptParserMixin.parseExprSubscripts (D:\New Gene App\node_modules\@babel\parser\lib\index.js:11085:23)
      at TypeScriptParserMixin.parseUpdate (D:\New Gene App\node_modules\@babel\parser\lib\index.js:11070:21)
      at TypeScriptParserMixin.parseMaybeUnary (D:\New Gene App\node_modules\@babel\parser\lib\index.js:11050:23)
      at TypeScriptParserMixin.parseMaybeUnary (D:\New Gene App\node_modules\@babel\parser\lib\index.js:9857:18)
^C^C